<?xml version="1.0" encoding="UTF-8"?>
<testng-results skipped="0" failed="0" total="1" passed="1">
  <reporter-output>
  </reporter-output>
  <suite name="Default suite" duration-ms="3891" started-at="2020-03-27T05:57:21Z" finished-at="2020-03-27T05:57:25Z">
    <groups>
    </groups>
    <test name="Default test" duration-ms="3891" started-at="2020-03-27T05:57:21Z" finished-at="2020-03-27T05:57:25Z">
      <class name="com.reqresprojectTwo.assign.DELETEuser">
        <test-method status="PASS" signature="getData()[pri:0, instance:com.reqresprojectTwo.assign.DELETEuser@48eff760]" name="getData" is-config="true" duration-ms="10" started-at="2020-03-27T11:27:21Z" finished-at="2020-03-27T11:27:21Z">
          <reporter-output>
          </reporter-output>
        </test-method> <!-- getData -->
        <test-method status="PASS" signature="deleteUser()[pri:0, instance:com.reqresprojectTwo.assign.DELETEuser@48eff760]" name="deleteUser" duration-ms="3851" started-at="2020-03-27T11:27:21Z" finished-at="2020-03-27T11:27:25Z">
          <reporter-output>
          </reporter-output>
        </test-method> <!-- deleteUser -->
      </class> <!-- com.reqresprojectTwo.assign.DELETEuser -->
    </test> <!-- Default test -->
  </suite> <!-- Default suite -->
</testng-results>
